[02:48:49] [Server thread/INFO]: Starting minecraft server version 1.15.2
[02:48:49] [Server thread/INFO]: Loading properties
[02:48:49] [Server thread/INFO]: This server is running CraftBukkit version git-Spigot-800b93f-8160e29 (MC: 1.15.2) (Implementing API version 1.15.2-R0.1-SNAPSHOT)
[02:48:49] [Server thread/INFO]: Debug logging is disabled
[02:48:49] [Server thread/INFO]: Using 4 threads for Netty based IO
[02:48:49] [Server thread/INFO]: Server Ping Player Sample Count: 12
[02:48:49] [Server thread/INFO]: Default game type: SURVIVAL
[02:48:49] [Server thread/INFO]: Generating keypair
[02:48:50] [Server thread/INFO]: Starting Minecraft server on 192.168.1.149:25565
[02:48:50] [Server thread/INFO]: Using default channel type
[02:48:54] [Server thread/WARN]: Plugin TreeCapitator v1.0 does not specify an api-version.
[02:48:54] [Server thread/INFO]: [TreeCapitator] Loading TreeCapitator v1.0
[02:48:54] [Server thread/INFO]: [DiscordSRV] Loading DiscordSRV v1.19.0
[02:48:54] [Server thread/INFO]: Preparing level "world"
[02:48:54] [Server thread/INFO]: Reloading ResourceManager: Default, bukkit
[02:48:56] [Server thread/INFO]: Loaded 6 recipes
[02:48:56] [Server thread/INFO]: -------- World Settings For [world] --------
[02:48:56] [Server thread/INFO]: View Distance: 10
[02:48:56] [Server thread/INFO]: Zombie Aggressive Towards Villager: true
[02:48:56] [Server thread/INFO]: Arrow Despawn Rate: 1200 Trident Respawn Rate:1200
[02:48:56] [Server thread/INFO]: Allow Zombie Pigmen to spawn from portal blocks: true
[02:48:56] [Server thread/INFO]: Item Despawn Rate: 6000
[02:48:56] [Server thread/INFO]: Item Merge Radius: 2.5
[02:48:56] [Server thread/INFO]: Custom Map Seeds:  Village: 10387312 Desert: 14357617 Igloo: 14357618 Jungle: 14357619 Swamp: 14357620 Monument: 10387313Ocean: 14357621 Shipwreck: 165745295 Slime: 987234911
[02:48:56] [Server thread/INFO]: Nerfing mobs spawned from spawners: false
[02:48:56] [Server thread/INFO]: Entity Tracking Range: Pl 48 / An 48 / Mo 48 / Mi 32 / Other 64
[02:48:56] [Server thread/INFO]: Mob Spawn Range: 6
[02:48:56] [Server thread/INFO]: Experience Merge Radius: 3.0
[02:48:56] [Server thread/INFO]: Cactus Growth Modifier: 100%
[02:48:56] [Server thread/INFO]: Cane Growth Modifier: 100%
[02:48:56] [Server thread/INFO]: Melon Growth Modifier: 100%
[02:48:56] [Server thread/INFO]: Mushroom Growth Modifier: 100%
[02:48:56] [Server thread/INFO]: Pumpkin Growth Modifier: 100%
[02:48:56] [Server thread/INFO]: Sapling Growth Modifier: 100%
[02:48:56] [Server thread/INFO]: Beetroot Growth Modifier: 100%
[02:48:56] [Server thread/INFO]: Carrot Growth Modifier: 100%
[02:48:56] [Server thread/INFO]: Potato Growth Modifier: 100%
[02:48:56] [Server thread/INFO]: Wheat Growth Modifier: 100%
[02:48:56] [Server thread/INFO]: NetherWart Growth Modifier: 100%
[02:48:56] [Server thread/INFO]: Vine Growth Modifier: 100%
[02:48:56] [Server thread/INFO]: Cocoa Growth Modifier: 100%
[02:48:56] [Server thread/INFO]: Bamboo Growth Modifier: 100%
[02:48:56] [Server thread/INFO]: SweetBerry Growth Modifier: 100%
[02:48:56] [Server thread/INFO]: Kelp Growth Modifier: 100%
[02:48:56] [Server thread/INFO]: Entity Activation Range: An 32 / Mo 32 / Ra 48 / Mi 16 / Tiv true
[02:48:56] [Server thread/INFO]: Hopper Transfer: 8 Hopper Check: 1 Hopper Amount: 1
[02:48:56] [Server thread/INFO]: Max TNT Explosions: 100
[02:48:56] [Server thread/INFO]: Tile Max Tick Time: 50ms Entity max Tick Time: 50ms
[02:48:57] [Server thread/INFO]: -------- World Settings For [world_nether] --------
[02:48:57] [Server thread/INFO]: View Distance: 10
[02:48:57] [Server thread/INFO]: Zombie Aggressive Towards Villager: true
[02:48:57] [Server thread/INFO]: Arrow Despawn Rate: 1200 Trident Respawn Rate:1200
[02:48:57] [Server thread/INFO]: Allow Zombie Pigmen to spawn from portal blocks: true
[02:48:57] [Server thread/INFO]: Item Despawn Rate: 6000
[02:48:57] [Server thread/INFO]: Item Merge Radius: 2.5
[02:48:57] [Server thread/INFO]: Custom Map Seeds:  Village: 10387312 Desert: 14357617 Igloo: 14357618 Jungle: 14357619 Swamp: 14357620 Monument: 10387313Ocean: 14357621 Shipwreck: 165745295 Slime: 987234911
[02:48:57] [Server thread/INFO]: Nerfing mobs spawned from spawners: false
[02:48:57] [Server thread/INFO]: Entity Tracking Range: Pl 48 / An 48 / Mo 48 / Mi 32 / Other 64
[02:48:57] [Server thread/INFO]: Mob Spawn Range: 6
[02:48:57] [Server thread/INFO]: Experience Merge Radius: 3.0
[02:48:57] [Server thread/INFO]: Cactus Growth Modifier: 100%
[02:48:57] [Server thread/INFO]: Cane Growth Modifier: 100%
[02:48:57] [Server thread/INFO]: Melon Growth Modifier: 100%
[02:48:57] [Server thread/INFO]: Mushroom Growth Modifier: 100%
[02:48:57] [Server thread/INFO]: Pumpkin Growth Modifier: 100%
[02:48:57] [Server thread/INFO]: Sapling Growth Modifier: 100%
[02:48:57] [Server thread/INFO]: Beetroot Growth Modifier: 100%
[02:48:57] [Server thread/INFO]: Carrot Growth Modifier: 100%
[02:48:57] [Server thread/INFO]: Potato Growth Modifier: 100%
[02:48:57] [Server thread/INFO]: Wheat Growth Modifier: 100%
[02:48:57] [Server thread/INFO]: NetherWart Growth Modifier: 100%
[02:48:57] [Server thread/INFO]: Vine Growth Modifier: 100%
[02:48:57] [Server thread/INFO]: Cocoa Growth Modifier: 100%
[02:48:57] [Server thread/INFO]: Bamboo Growth Modifier: 100%
[02:48:57] [Server thread/INFO]: SweetBerry Growth Modifier: 100%
[02:48:57] [Server thread/INFO]: Kelp Growth Modifier: 100%
[02:48:57] [Server thread/INFO]: Entity Activation Range: An 32 / Mo 32 / Ra 48 / Mi 16 / Tiv true
[02:48:57] [Server thread/INFO]: Hopper Transfer: 8 Hopper Check: 1 Hopper Amount: 1
[02:48:57] [Server thread/INFO]: Max TNT Explosions: 100
[02:48:57] [Server thread/INFO]: Tile Max Tick Time: 50ms Entity max Tick Time: 50ms
[02:48:57] [Server thread/INFO]: -------- World Settings For [world_the_end] --------
[02:48:57] [Server thread/INFO]: View Distance: 10
[02:48:57] [Server thread/INFO]: Zombie Aggressive Towards Villager: true
[02:48:57] [Server thread/INFO]: Arrow Despawn Rate: 1200 Trident Respawn Rate:1200
[02:48:57] [Server thread/INFO]: Allow Zombie Pigmen to spawn from portal blocks: true
[02:48:57] [Server thread/INFO]: Item Despawn Rate: 6000
[02:48:57] [Server thread/INFO]: Item Merge Radius: 2.5
[02:48:57] [Server thread/INFO]: Custom Map Seeds:  Village: 10387312 Desert: 14357617 Igloo: 14357618 Jungle: 14357619 Swamp: 14357620 Monument: 10387313Ocean: 14357621 Shipwreck: 165745295 Slime: 987234911
[02:48:57] [Server thread/INFO]: Nerfing mobs spawned from spawners: false
[02:48:57] [Server thread/INFO]: Entity Tracking Range: Pl 48 / An 48 / Mo 48 / Mi 32 / Other 64
[02:48:57] [Server thread/INFO]: Mob Spawn Range: 6
[02:48:57] [Server thread/INFO]: Experience Merge Radius: 3.0
[02:48:57] [Server thread/INFO]: Cactus Growth Modifier: 100%
[02:48:57] [Server thread/INFO]: Cane Growth Modifier: 100%
[02:48:57] [Server thread/INFO]: Melon Growth Modifier: 100%
[02:48:57] [Server thread/INFO]: Mushroom Growth Modifier: 100%
[02:48:57] [Server thread/INFO]: Pumpkin Growth Modifier: 100%
[02:48:57] [Server thread/INFO]: Sapling Growth Modifier: 100%
[02:48:57] [Server thread/INFO]: Beetroot Growth Modifier: 100%
[02:48:57] [Server thread/INFO]: Carrot Growth Modifier: 100%
[02:48:57] [Server thread/INFO]: Potato Growth Modifier: 100%
[02:48:57] [Server thread/INFO]: Wheat Growth Modifier: 100%
[02:48:57] [Server thread/INFO]: NetherWart Growth Modifier: 100%
[02:48:57] [Server thread/INFO]: Vine Growth Modifier: 100%
[02:48:57] [Server thread/INFO]: Cocoa Growth Modifier: 100%
[02:48:57] [Server thread/INFO]: Bamboo Growth Modifier: 100%
[02:48:57] [Server thread/INFO]: SweetBerry Growth Modifier: 100%
[02:48:57] [Server thread/INFO]: Kelp Growth Modifier: 100%
[02:48:57] [Server thread/INFO]: Entity Activation Range: An 32 / Mo 32 / Ra 48 / Mi 16 / Tiv true
[02:48:57] [Server thread/INFO]: Hopper Transfer: 8 Hopper Check: 1 Hopper Amount: 1
[02:48:57] [Server thread/INFO]: Max TNT Explosions: 100
[02:48:57] [Server thread/INFO]: Tile Max Tick Time: 50ms Entity max Tick Time: 50ms
[02:48:57] [Server thread/INFO]: Preparing start region for dimension 'world'/minecraft:overworld
[02:48:58] [Server thread/INFO]: Preparing spawn area: 0%
[02:48:58] [Server thread/INFO]: Preparing spawn area: 0%
[02:48:58] [Server thread/INFO]: Time elapsed: 1050 ms
[02:48:58] [Server thread/INFO]: Preparing start region for dimension 'world_nether'/minecraft:the_nether
[02:48:58] [Server thread/INFO]: Preparing spawn area: 0%
[02:48:58] [Server thread/INFO]: Preparing spawn area: 71%
[02:48:59] [Server-Worker-3/INFO]: Preparing spawn area: 83%
[02:48:59] [Server-Worker-4/INFO]: Preparing spawn area: 86%
[02:49:00] [Server thread/INFO]: Time elapsed: 1999 ms
[02:49:00] [Server thread/INFO]: Preparing start region for dimension 'world_the_end'/minecraft:the_end
[02:49:00] [Server thread/INFO]: Preparing spawn area: 0%
[02:49:00] [Server-Worker-5/INFO]: Preparing spawn area: 83%
[02:49:01] [Server thread/INFO]: Time elapsed: 627 ms
[02:49:01] [Server thread/INFO]: [TreeCapitator] Enabling TreeCapitator v1.0
[02:49:01] [Server thread/INFO]: [DiscordSRV] Enabling DiscordSRV v1.19.0
[02:49:01] [Server thread/INFO]: Server permissions file permissions.yml is empty, ignoring it
[02:49:01] [Server thread/INFO]: Done (6.517s)! For help, type "help"
[02:49:02] [DiscordSRV - Initialization/INFO]: [DiscordSRV] [JDA] Login Successful!
[02:49:02] [JDA MainWS-ReadThread/INFO]: [DiscordSRV] [JDA] Connected to WebSocket
[02:49:03] [pool-7-thread-1/INFO]: [DiscordSRV] DiscordSRV is up-to-date. (177e9ce21d611290321e81b1cbc78fb4fff7ecf7)
[02:49:03] [JDA MainWS-ReadThread/INFO]: [DiscordSRV] [JDA] Finished Loading!
[02:49:03] [DiscordSRV - Initialization/INFO]: [DiscordSRV] Found server G:All things Minecraft(722885398879010850)
[02:49:03] [DiscordSRV - Initialization/INFO]: [DiscordSRV] - TC:general(722885399827054706)
[02:49:03] [DiscordSRV - Initialization/INFO]: [DiscordSRV] - TC:off-topic(723517216187744266)
[02:49:03] [DiscordSRV - Initialization/INFO]: [DiscordSRV] - TC:server-console(723799670689759242)
[02:49:03] [DiscordSRV - Initialization/INFO]: [DiscordSRV] Console forwarding assigned to channel 723799670689759242
[02:49:03] [DiscordSRV - Initialization/INFO]: [DiscordSRV] Not using JDBC, one of host/port/database was default
[02:49:03] [DiscordSRV - Initialization/INFO]: [DiscordSRV] No chat plugin hooks enabled
[02:49:24] [User Authenticator #1/INFO]: UUID of player technocowboy65 is 633cde04-befb-4075-99c3-22db787ac9cd
[02:49:25] [Server thread/INFO]: technocowboy65[/192.168.1.149:64840] logged in with entity id 267 at ([world]276.56399754193325, 72.5625, -115.23139054855915)
[02:49:41] [Server thread/INFO]: technocowboy65 issued server command: /time set day
[02:49:41] [Server thread/INFO]: [technocowboy65: Set the time to 1000]
[02:50:01] [Server thread/INFO]: Set the time to 13000
[02:50:26] [Server thread/INFO]: technocowboy65 issued server command: /say how are you
[02:50:26] [Server thread/INFO]: [technocowboy65] how are you
[02:50:53] [Server thread/INFO]: Villager EntityVillager['Leatherworker'/20, l='world', x=216.57, y=63.00, z=-181.70] died, message: 'Leatherworker was slain by Zombie'
[02:51:35] [Server thread/INFO]: Villager EntityVillager['Leatherworker'/2, l='world', x=196.10, y=64.00, z=-197.13] died, message: 'Leatherworker was slain by Zombie'
[02:51:40] [Server thread/INFO]: Villager EntityVillager['Leatherworker'/19, l='world', x=208.46, y=64.00, z=-183.74] died, message: 'Leatherworker was slain by Zombie'
[02:52:56] [Server thread/INFO]: technocowboy65 issued server command: /say test
[02:52:56] [Server thread/INFO]: [technocowboy65] test
[02:53:08] [Async Chat Thread - #0/INFO]: <technocowboy65> test[m
[02:53:16] [JDA MainWS-ReadThread/INFO]: [DiscordSRV] Chat: [Discord | Admin] nmhammer2 > k
[02:53:24] [Server thread/INFO]: technocowboy65 lost connection: Disconnected
[02:53:24] [Server thread/INFO]: technocowboy65 left the game
